app/build/intermediates/manifest_merge_blame_file/debug/manifest-merger-blame-debug-report.txt
1<?xml version="1.0" encoding="utf-8"?>
2<manifest xmlns:android="http://schemas.android.com/apk/res/android"
3    package="com.example.parkmapproject"
4    android:versionCode="1"
5    android:versionName="1.0" >
6
7    <uses-sdk
8        android:minSdkVersion="28"
8-->src\main\AndroidManifest.xml
9        android:targetSdkVersion="29" />
9-->src\main\AndroidManifest.xml
10
11    <uses-permission android:name="android.permission.ACCESS_FINE_LOCATION" />
11-->src\main\AndroidManifest.xml:5:5-79
11-->src\main\AndroidManifest.xml:5:22-76
12    <uses-permission android:name="android.permission.WRITE_EXTERNAL_STORAGE" />
12-->src\main\AndroidManifest.xml:6:5-81
12-->src\main\AndroidManifest.xml:6:22-78
13    <uses-permission android:name="android.permission.READ_EXTERNAL_STORAGE" />
13-->src\main\AndroidManifest.xml:7:5-80
13-->src\main\AndroidManifest.xml:7:22-77
14    <uses-permission android:name="android.permission.ACCESS_WIFI_STATE" />
14-->[com.google.android.libraries.places:places:2.2.0] AndroidManifest.xml:10:5-76
14-->[com.google.android.libraries.places:places:2.2.0] AndroidManifest.xml:10:22-73
15    <uses-permission android:name="android.permission.INTERNET" /> <!-- Include required permissions for Google Maps API to run. -->
15-->[com.google.android.libraries.places:places:2.2.0] AndroidManifest.xml:11:5-67
15-->[com.google.android.libraries.places:places:2.2.0] AndroidManifest.xml:11:22-64
16    <uses-permission android:name="android.permission.ACCESS_NETWORK_STATE" />
16-->[com.google.android.gms:play-services-maps:17.0.0] AndroidManifest.xml:23:5-79
16-->[com.google.android.gms:play-services-maps:17.0.0] AndroidManifest.xml:23:22-76
17
18    <uses-feature
18-->[com.google.android.gms:play-services-maps:17.0.0] AndroidManifest.xml:26:5-28:35
19        android:glEsVersion="0x00020000"
19-->[com.google.android.gms:play-services-maps:17.0.0] AndroidManifest.xml:27:9-41
20        android:required="true" />
20-->[com.google.android.gms:play-services-maps:17.0.0] AndroidManifest.xml:28:9-32
21
22    <uses-permission android:name="android.permission.WAKE_LOCK" />
22-->[com.google.android.gms:play-services-measurement:17.2.2] AndroidManifest.xml:25:5-68
22-->[com.google.android.gms:play-services-measurement:17.2.2] AndroidManifest.xml:25:22-65
23    <uses-permission android:name="com.google.android.finsky.permission.BIND_GET_INSTALL_REFERRER_SERVICE" /> <!-- Required by older versions of Google Play services to create IID tokens -->
23-->[com.google.android.gms:play-services-measurement:17.2.2] AndroidManifest.xml:26:5-110
23-->[com.google.android.gms:play-services-measurement:17.2.2] AndroidManifest.xml:26:22-107
24    <uses-permission android:name="com.google.android.c2dm.permission.RECEIVE" />
24-->[com.google.firebase:firebase-iid:20.0.2] AndroidManifest.xml:26:5-82
24-->[com.google.firebase:firebase-iid:20.0.2] AndroidManifest.xml:26:22-79
25
26    <application
26-->src\main\AndroidManifest.xml:9:5-47:19
27        android:allowBackup="true"
27-->src\main\AndroidManifest.xml:10:9-35
28        android:appComponentFactory="androidx.core.app.CoreComponentFactory"
28-->[androidx.core:core:1.1.0] AndroidManifest.xml:24:18-86
29        android:debuggable="true"
30        android:extractNativeLibs="false"
31        android:icon="@mipmap/ic_launcher"
31-->src\main\AndroidManifest.xml:11:9-43
32        android:label="@string/app_name"
32-->src\main\AndroidManifest.xml:12:9-41
33        android:roundIcon="@mipmap/ic_launcher_round"
33-->src\main\AndroidManifest.xml:13:9-54
34        android:screenOrientation="portrait"
34-->src\main\AndroidManifest.xml:16:9-45
35        android:supportsRtl="true"
35-->src\main\AndroidManifest.xml:14:9-35
36        android:testOnly="true"
37        android:theme="@style/AppTheme" >
37-->src\main\AndroidManifest.xml:15:9-40
38        <activity android:name="com.example.parkmapproject.SplashScreen" >
38-->src\main\AndroidManifest.xml:18:9-23:20
38-->src\main\AndroidManifest.xml:18:19-47
39            <intent-filter>
39-->src\main\AndroidManifest.xml:19:13-22:29
40                <action android:name="android.intent.action.MAIN" />
40-->src\main\AndroidManifest.xml:20:17-69
40-->src\main\AndroidManifest.xml:20:25-66
41
42                <category android:name="android.intent.category.LAUNCHER" />
42-->src\main\AndroidManifest.xml:21:17-77
42-->src\main\AndroidManifest.xml:21:27-74
43            </intent-filter>
44        </activity>
45        <activity android:name="com.example.parkmapproject.me_ui.FeedbackActivity" />
45-->src\main\AndroidManifest.xml:25:9-60
45-->src\main\AndroidManifest.xml:25:19-57
46        <activity
46-->src\main\AndroidManifest.xml:27:9-34:20
47            android:name="com.example.parkmapproject.parkinglot.ParkingLotActivity"
47-->src\main\AndroidManifest.xml:28:13-58
48            android:launchMode="singleTask" >
48-->src\main\AndroidManifest.xml:29:13-44
49            <intent-filter>
49-->src\main\AndroidManifest.xml:30:13-33:29
50                <action android:name="android.intent.action.GET_CONTENT" />
50-->src\main\AndroidManifest.xml:31:17-76
50-->src\main\AndroidManifest.xml:31:25-73
51
52                <category android:name="android.intent.category.DEFAULT" />
52-->src\main\AndroidManifest.xml:32:17-76
52-->src\main\AndroidManifest.xml:32:27-73
53            </intent-filter>
54        </activity>
55
56        <meta-data
56-->src\main\AndroidManifest.xml:36:9-38:55
57            android:name="com.google.android.geo.API_KEY"
57-->src\main\AndroidManifest.xml:37:13-58
58            android:value="@string/google_maps_key" />
58-->src\main\AndroidManifest.xml:38:13-52
59        <meta-data
59-->src\main\AndroidManifest.xml:39:9-41:57
60            android:name="preloaded_fonts"
60-->src\main\AndroidManifest.xml:40:13-43
61            android:resource="@array/preloaded_fonts" />
61-->src\main\AndroidManifest.xml:41:13-54
62
63        <activity
63-->src\main\AndroidManifest.xml:43:9-46:45
64            android:name="com.example.parkmapproject.MainActivity"
64-->src\main\AndroidManifest.xml:44:13-41
65            android:label="@string/title_activity_main"
65-->src\main\AndroidManifest.xml:45:13-56
66            android:launchMode="singleTop" />
66-->src\main\AndroidManifest.xml:46:13-43
67        <activity
67-->[com.google.android.libraries.places:places:2.2.0] AndroidManifest.xml:14:9-20:20
68            android:name="com.google.android.libraries.places.widget.AutocompleteActivity"
68-->[com.google.android.libraries.places:places:2.2.0] AndroidManifest.xml:15:13-91
69            android:exported="false"
69-->[com.google.android.libraries.places:places:2.2.0] AndroidManifest.xml:16:13-37
70            android:label="@string/places_autocomplete_label"
70-->[com.google.android.libraries.places:places:2.2.0] AndroidManifest.xml:17:13-62
71            android:theme="@style/PlacesAutocompleteOverlay"
71-->[com.google.android.libraries.places:places:2.2.0] AndroidManifest.xml:18:13-61
72            android:windowSoftInputMode="adjustResize" >
72-->[com.google.android.libraries.places:places:2.2.0] AndroidManifest.xml:19:13-55
73        </activity> <!-- Needs to be explicitly declared on P+ -->
74        <uses-library
74-->[com.google.android.gms:play-services-maps:17.0.0] AndroidManifest.xml:33:9-35:40
75            android:name="org.apache.http.legacy"
75-->[com.google.android.gms:play-services-maps:17.0.0] AndroidManifest.xml:34:13-50
76            android:required="false" />
76-->[com.google.android.gms:play-services-maps:17.0.0] AndroidManifest.xml:35:13-37
77
78        <service
78-->[com.google.firebase:firebase-database:19.2.1] AndroidManifest.xml:29:9-35:19
79            android:name="com.google.firebase.components.ComponentDiscoveryService"
79-->[com.google.firebase:firebase-database:19.2.1] AndroidManifest.xml:30:13-84
80            android:directBootAware="true"
80-->[com.google.firebase:firebase-common:19.3.0] AndroidManifest.xml:34:13-43
81            android:exported="false" >
81-->[com.google.firebase:firebase-database:19.2.1] AndroidManifest.xml:31:13-37
82            <meta-data
82-->[com.google.firebase:firebase-database:19.2.1] AndroidManifest.xml:32:13-34:85
83                android:name="com.google.firebase.components:com.google.firebase.database.DatabaseRegistrar"
83-->[com.google.firebase:firebase-database:19.2.1] AndroidManifest.xml:33:17-109
84                android:value="com.google.firebase.components.ComponentRegistrar" />
84-->[com.google.firebase:firebase-database:19.2.1] AndroidManifest.xml:34:17-82
85            <meta-data
85-->[com.google.firebase:firebase-auth:19.3.0] AndroidManifest.xml:36:13-38:85
86                android:name="com.google.firebase.components:com.google.firebase.auth.FirebaseAuthRegistrar"
86-->[com.google.firebase:firebase-auth:19.3.0] AndroidManifest.xml:37:17-109
87                android:value="com.google.firebase.components.ComponentRegistrar" />
87-->[com.google.firebase:firebase-auth:19.3.0] AndroidManifest.xml:38:17-82
88            <meta-data
88-->[com.google.firebase:firebase-storage:19.1.1] AndroidManifest.xml:33:13-35:85
89                android:name="com.google.firebase.components:com.google.firebase.storage.StorageRegistrar"
89-->[com.google.firebase:firebase-storage:19.1.1] AndroidManifest.xml:34:17-107
90                android:value="com.google.firebase.components.ComponentRegistrar" />
90-->[com.google.firebase:firebase-storage:19.1.1] AndroidManifest.xml:35:17-82
91            <meta-data
91-->[com.google.android.gms:play-services-measurement-api:17.2.2] AndroidManifest.xml:30:13-32:85
92                android:name="com.google.firebase.components:com.google.firebase.analytics.connector.internal.AnalyticsConnectorRegistrar"
92-->[com.google.android.gms:play-services-measurement-api:17.2.2] AndroidManifest.xml:31:17-139
93                android:value="com.google.firebase.components.ComponentRegistrar" />
93-->[com.google.android.gms:play-services-measurement-api:17.2.2] AndroidManifest.xml:32:17-82
94            <meta-data
94-->[com.google.firebase:firebase-iid:20.0.2] AndroidManifest.xml:32:13-34:85
95                android:name="com.google.firebase.components:com.google.firebase.iid.Registrar"
95-->[com.google.firebase:firebase-iid:20.0.2] AndroidManifest.xml:33:17-96
96                android:value="com.google.firebase.components.ComponentRegistrar" />
96-->[com.google.firebase:firebase-iid:20.0.2] AndroidManifest.xml:34:17-82
97        </service>
98
99        <activity
99-->[com.google.firebase:firebase-auth:19.3.0] AndroidManifest.xml:24:9-31:50
100            android:name="com.google.firebase.auth.internal.FederatedSignInActivity"
100-->[com.google.firebase:firebase-auth:19.3.0] AndroidManifest.xml:25:13-85
101            android:excludeFromRecents="true"
101-->[com.google.firebase:firebase-auth:19.3.0] AndroidManifest.xml:26:13-46
102            android:exported="true"
102-->[com.google.firebase:firebase-auth:19.3.0] AndroidManifest.xml:27:13-36
103            android:launchMode="singleTask"
103-->[com.google.firebase:firebase-auth:19.3.0] AndroidManifest.xml:28:13-44
104            android:permission="com.google.firebase.auth.api.gms.permission.LAUNCH_FEDERATED_SIGN_IN"
104-->[com.google.firebase:firebase-auth:19.3.0] AndroidManifest.xml:29:13-102
105            android:theme="@android:style/Theme.Translucent.NoTitleBar" />
105-->[com.google.firebase:firebase-auth:19.3.0] AndroidManifest.xml:30:13-72
106
107        <meta-data
107-->[com.google.maps.android:android-maps-utils:1.0.0] AndroidManifest.xml:12:9-14:69
108            android:name="com.google.android.gms.version"
108-->[com.google.maps.android:android-maps-utils:1.0.0] AndroidManifest.xml:13:13-58
109            android:value="@integer/google_play_services_version" />
109-->[com.google.maps.android:android-maps-utils:1.0.0] AndroidManifest.xml:14:13-66
110
111        <receiver
111-->[com.google.android.gms:play-services-measurement:17.2.2] AndroidManifest.xml:29:9-33:20
112            android:name="com.google.android.gms.measurement.AppMeasurementReceiver"
112-->[com.google.android.gms:play-services-measurement:17.2.2] AndroidManifest.xml:30:13-85
113            android:enabled="true"
113-->[com.google.android.gms:play-services-measurement:17.2.2] AndroidManifest.xml:31:13-35
114            android:exported="false" >
114-->[com.google.android.gms:play-services-measurement:17.2.2] AndroidManifest.xml:32:13-37
115        </receiver>
116        <receiver
116-->[com.google.android.gms:play-services-measurement:17.2.2] AndroidManifest.xml:34:9-42:20
117            android:name="com.google.android.gms.measurement.AppMeasurementInstallReferrerReceiver"
117-->[com.google.android.gms:play-services-measurement:17.2.2] AndroidManifest.xml:35:13-100
118            android:enabled="true"
118-->[com.google.android.gms:play-services-measurement:17.2.2] AndroidManifest.xml:36:13-35
119            android:exported="true"
119-->[com.google.android.gms:play-services-measurement:17.2.2] AndroidManifest.xml:37:13-36
120            android:permission="android.permission.INSTALL_PACKAGES" >
120-->[com.google.android.gms:play-services-measurement:17.2.2] AndroidManifest.xml:38:13-69
121            <intent-filter>
121-->[com.google.android.gms:play-services-measurement:17.2.2] AndroidManifest.xml:39:13-41:29
122                <action android:name="com.android.vending.INSTALL_REFERRER" />
122-->[com.google.android.gms:play-services-measurement:17.2.2] AndroidManifest.xml:40:17-79
122-->[com.google.android.gms:play-services-measurement:17.2.2] AndroidManifest.xml:40:25-76
123            </intent-filter>
124        </receiver>
125
126        <service
126-->[com.google.android.gms:play-services-measurement:17.2.2] AndroidManifest.xml:44:9-47:40
127            android:name="com.google.android.gms.measurement.AppMeasurementService"
127-->[com.google.android.gms:play-services-measurement:17.2.2] AndroidManifest.xml:45:13-84
128            android:enabled="true"
128-->[com.google.android.gms:play-services-measurement:17.2.2] AndroidManifest.xml:46:13-35
129            android:exported="false" />
129-->[com.google.android.gms:play-services-measurement:17.2.2] AndroidManifest.xml:47:13-37
130        <service
130-->[com.google.android.gms:play-services-measurement:17.2.2] AndroidManifest.xml:48:9-52:72
131            android:name="com.google.android.gms.measurement.AppMeasurementJobService"
131-->[com.google.android.gms:play-services-measurement:17.2.2] AndroidManifest.xml:49:13-87
132            android:enabled="true"
132-->[com.google.android.gms:play-services-measurement:17.2.2] AndroidManifest.xml:50:13-35
133            android:exported="false"
133-->[com.google.android.gms:play-services-measurement:17.2.2] AndroidManifest.xml:51:13-37
134            android:permission="android.permission.BIND_JOB_SERVICE" />
134-->[com.google.android.gms:play-services-measurement:17.2.2] AndroidManifest.xml:52:13-69
135
136        <receiver
136-->[com.google.firebase:firebase-iid:20.0.2] AndroidManifest.xml:37:9-44:20
137            android:name="com.google.firebase.iid.FirebaseInstanceIdReceiver"
137-->[com.google.firebase:firebase-iid:20.0.2] AndroidManifest.xml:38:13-78
138            android:exported="true"
138-->[com.google.firebase:firebase-iid:20.0.2] AndroidManifest.xml:39:13-36
139            android:permission="com.google.android.c2dm.permission.SEND" >
139-->[com.google.firebase:firebase-iid:20.0.2] AndroidManifest.xml:40:13-73
140            <intent-filter>
140-->[com.google.firebase:firebase-iid:20.0.2] AndroidManifest.xml:41:13-43:29
141                <action android:name="com.google.android.c2dm.intent.RECEIVE" />
141-->[com.google.firebase:firebase-iid:20.0.2] AndroidManifest.xml:42:17-81
141-->[com.google.firebase:firebase-iid:20.0.2] AndroidManifest.xml:42:25-78
142            </intent-filter>
143        </receiver>
144
145        <provider
145-->[com.google.firebase:firebase-common:19.3.0] AndroidManifest.xml:26:9-30:39
146            android:name="com.google.firebase.provider.FirebaseInitProvider"
146-->[com.google.firebase:firebase-common:19.3.0] AndroidManifest.xml:27:13-77
147            android:authorities="com.example.parkmapproject.firebaseinitprovider"
147-->[com.google.firebase:firebase-common:19.3.0] AndroidManifest.xml:28:13-72
148            android:exported="false"
148-->[com.google.firebase:firebase-common:19.3.0] AndroidManifest.xml:29:13-37
149            android:initOrder="100" />
149-->[com.google.firebase:firebase-common:19.3.0] AndroidManifest.xml:30:13-36
150
151        <activity
151-->[com.google.android.gms:play-services-base:17.1.0] AndroidManifest.xml:23:9-26:75
152            android:name="com.google.android.gms.common.api.GoogleApiActivity"
152-->[com.google.android.gms:play-services-base:17.1.0] AndroidManifest.xml:24:13-79
153            android:exported="false"
153-->[com.google.android.gms:play-services-base:17.1.0] AndroidManifest.xml:25:13-37
154            android:theme="@android:style/Theme.Translucent.NoTitleBar" />
154-->[com.google.android.gms:play-services-base:17.1.0] AndroidManifest.xml:26:13-72
155
156        <provider
156-->[androidx.lifecycle:lifecycle-process:2.2.0] AndroidManifest.xml:25:9-29:43
157            android:name="androidx.lifecycle.ProcessLifecycleOwnerInitializer"
157-->[androidx.lifecycle:lifecycle-process:2.2.0] AndroidManifest.xml:26:13-79
158            android:authorities="com.example.parkmapproject.lifecycle-process"
158-->[androidx.lifecycle:lifecycle-process:2.2.0] AndroidManifest.xml:27:13-69
159            android:exported="false"
159-->[androidx.lifecycle:lifecycle-process:2.2.0] AndroidManifest.xml:28:13-37
160            android:multiprocess="true" />
160-->[androidx.lifecycle:lifecycle-process:2.2.0] AndroidManifest.xml:29:13-40
161
162        <service
162-->[com.google.android.datatransport:transport-backend-cct:2.1.0] AndroidManifest.xml:29:9-35:19
163            android:name="com.google.android.datatransport.runtime.backends.TransportBackendDiscovery"
163-->[com.google.android.datatransport:transport-backend-cct:2.1.0] AndroidManifest.xml:30:13-103
164            android:exported="false" >
164-->[com.google.android.datatransport:transport-backend-cct:2.1.0] AndroidManifest.xml:31:13-37
165            <meta-data
165-->[com.google.android.datatransport:transport-backend-cct:2.1.0] AndroidManifest.xml:32:13-34:39
166                android:name="backend:com.google.android.datatransport.cct.CctBackendFactory"
166-->[com.google.android.datatransport:transport-backend-cct:2.1.0] AndroidManifest.xml:33:17-94
167                android:value="cct" />
167-->[com.google.android.datatransport:transport-backend-cct:2.1.0] AndroidManifest.xml:34:17-36
168        </service>
169        <service
169-->[com.google.android.datatransport:transport-runtime:2.1.0] AndroidManifest.xml:26:9-30:19
170            android:name="com.google.android.datatransport.runtime.scheduling.jobscheduling.JobInfoSchedulerService"
170-->[com.google.android.datatransport:transport-runtime:2.1.0] AndroidManifest.xml:27:13-117
171            android:exported="false"
171-->[com.google.android.datatransport:transport-runtime:2.1.0] AndroidManifest.xml:28:13-37
172            android:permission="android.permission.BIND_JOB_SERVICE" >
172-->[com.google.android.datatransport:transport-runtime:2.1.0] AndroidManifest.xml:29:13-69
173        </service>
174
175        <receiver
175-->[com.google.android.datatransport:transport-runtime:2.1.0] AndroidManifest.xml:32:9-34:40
176            android:name="com.google.android.datatransport.runtime.scheduling.jobscheduling.AlarmManagerSchedulerBroadcastReceiver"
176-->[com.google.android.datatransport:transport-runtime:2.1.0] AndroidManifest.xml:33:13-132
177            android:exported="false" />
177-->[com.google.android.datatransport:transport-runtime:2.1.0] AndroidManifest.xml:34:13-37
178    </application>
179
180</manifest>